[07:00:18] [Render thread/INFO]: emissive suffixes loaded: {_e}
[07:00:18] [Render thread/INFO]: Connecting to 51.81.198.172, 25595
[07:00:19] [Netty Client IO #15/INFO]: Reloading server config for barteringstation
[07:00:19] [Netty Client IO #15/INFO]: Reloading server config for magnumtorch
[07:00:19] [Netty Client IO #15/INFO]: Reloading server config for bettertridents
[07:00:19] [Netty Client IO #15/INFO]: Reloading server config for tradingpost
[07:00:19] [Netty Client IO #15/INFO]: Reloading server config for easyanvils
[07:00:19] [Netty Client IO #15/INFO]: Reloading server config for easymagic
[07:00:19] [Netty Client IO #15/INFO]: Reloading server config for leavesbegone
[07:00:19] [Netty Client IO #15/INFO]: Received server config
[07:00:20] [Netty Client IO #15/INFO]: Connected to a modded server.
[07:00:20] [Netty Client IO #15/INFO]: Canceling Microsoft telemetry
[07:00:20] [Netty Client IO #15/INFO]: Successfully loaded 'C:\Users\Wyatt\curseforge\minecraft\Instances\Wyatts Pack Blue\config\betteranimalsplus-client.json5'
[07:00:20] [Netty Client IO #15/INFO]: Applying server overrides
[07:00:20] [Netty Client IO #15/INFO]: Responding with client values
[07:00:20] [Render thread/INFO]: New minimap session initialized!
[07:00:20] [Render thread/INFO]: New world map session initialized!
[07:00:20] [Render thread/INFO]: Started 10 worker threads
[07:00:21] [Render thread/INFO]: [bclib] Auto-Sync was disabled on the client.
[07:00:21] [Render thread/WARN]: Unknown biome 'minecraft:snowy_mountains'
[07:00:21] [Render thread/WARN]: Unknown biome 'minecraft:snowy_tundra'
[07:00:21] [Render thread/WARN]: Unknown biome 'minecraft:wooded_mountains'
[07:00:21] [Render thread/WARN]: Unknown biome 'minecraft:'
[07:00:21] [Render thread/WARN]: Unknown biome 'minecraft:snowy_taiga_mountains'
[07:00:21] [Render thread/WARN]: Unknown biome 'minecraft:gravelly_mountains'
[07:00:21] [Render thread/WARN]: Unknown biome 'minecraft:wooded_hills'
[07:00:21] [Render thread/WARN]: Unknown biome 'minecraft:mountain_edge'
[07:00:21] [Render thread/WARN]: Unknown biome 'minecraft:mountains'
[07:00:21] [Render thread/INFO]: Joined dedicated server, asking for config.
[07:00:22] [Render thread/INFO]: Received FT configuration packet from server, setting up proxy config values
[07:00:22] [Render thread/INFO]: Synced immersive_weathering-common.json configs
[07:00:22] [Render thread/INFO]: Received config from the server: {}
[07:00:22] [Render thread/WARN]: Failed to get file path of mod moonlight
[07:00:22] [Render thread/WARN]: Failed to get file path of mod immersive_weathering
[07:00:22] [Render thread/WARN]: Failed to get file path of mod supplementaries
[07:00:22] [Render thread/WARN]: Failed to get file path of mod everycomp
[07:00:22] [Render thread/WARN]: Failed to get file path of mod snowyspirit
[07:00:22] [Render thread/INFO]: Received config handshake on client for deeperdarker
[07:00:22] [Render thread/INFO]: Received config handshake on client for paragon
[07:00:22] [Render thread/INFO]: Synced supplementaries-common.json configs
[07:00:22] [Render thread/INFO]: Recieved and decompressed 776 loot tables (2035265 bytes). Took 128 ms.
[07:00:22] [Render thread/INFO]: Synced Flute Songs
[07:00:22] [Render thread/INFO]: Synced Captured Mobs settings
[07:00:22] [Render thread/INFO]: Synced Globe data
[07:00:22] [Render thread/INFO]: Synced Hourglass data
[07:00:22] [Render thread/WARN]: [REI] Suppressing Reload Plugins of stage START
[07:00:22] [REI-ReloadPlugins/INFO]: [REI] @@@@@@@@@@@@@@@@@@@@@@@@@@@@@@@@@@@@@@@@
[07:00:22] [REI-ReloadPlugins/INFO]: [REI] REIPlugin starting main-reload for START.
[07:00:22] [REI-ReloadPlugins/INFO]: [REI] Plugins (33):
[07:00:22] [REI-ReloadPlugins/INFO]: [REI]  - (-100.00) DefaultClientPlugin of DefaultClientPlugin [roughlyenoughitems]
[07:00:22] [REI-ReloadPlugins/INFO]: [REI]  - (-100.00) DefaultPlugin of DefaultPlugin [roughlyenoughitems]
[07:00:22] [REI-ReloadPlugins/INFO]: [REI]  - (0.00) FabricFluidAPISupportPlugin
[07:00:22] [REI-ReloadPlugins/INFO]: [REI]  - (0.00) VineryReiClientPlugin of VineryReiClientPlugin [vinery]
[07:00:22] [REI-ReloadPlugins/INFO]: [REI]  - (0.00) TwilightForestREIClientPlugin of TwilightForestREIClientPlugin [twilightforest]
[07:00:22] [REI-ReloadPlugins/INFO]: [REI]  - (0.00) REIPlugin of REIPlugin [toms_storage]
[07:00:22] [REI-ReloadPlugins/INFO]: [REI]  - (0.00) REICompat of REICompat [the_bumblezone]
[07:00:22] [REI-ReloadPlugins/INFO]: [REI]  - (0.00) REICompat of REICompat [supplementaries]
[07:00:22] [REI-ReloadPlugins/INFO]: [REI]  - (0.00) SpiritPlugin of SpiritPlugin [spirit]
[07:00:22] [REI-ReloadPlugins/INFO]: [REI]  - (0.00) PluginEntry of PluginEntry [roughlyenoughresources]
[07:00:22] [REI-ReloadPlugins/INFO]: [REI]  - (0.00) REPClientPlugin of REPClientPlugin [roughlyenoughprofessions]
[07:00:22] [REI-ReloadPlugins/INFO]: [REI]  - (0.00) HideIngredientsFromTagsPlugin of HideIngredientsFromTagsPlugin [roughlyenoughitems]
[07:00:22] [REI-ReloadPlugins/INFO]: [REI]  - (0.00) DefaultClientRuntimePlugin of DefaultClientRuntimePlugin [roughlyenoughitems]
[07:00:22] [REI-ReloadPlugins/INFO]: [REI]  - (0.00) ClientPlugin of ClientPlugin [roughly_enough_trades]
[07:00:22] [REI-ReloadPlugins/INFO]: [REI]  - (0.00) ReltClient of ReltClient [roughly_enough_loot_tables]
[07:00:22] [REI-ReloadPlugins/INFO]: [REI]  - (0.00) OxidizedREIPlugin of OxidizedREIPlugin [oxidized]
[07:00:22] [REI-ReloadPlugins/INFO]: [REI]  - (0.00) OwoReiPlugin of OwoReiPlugin [owo]
[07:00:22] [REI-ReloadPlugins/INFO]: [REI]  - (0.00) REIPlugin of REIPlugin [nethersdelight]
[07:00:22] [REI-ReloadPlugins/INFO]: [REI]  - (0.00) MeadowReiClientPlugin of MeadowReiClientPlugin [meadow]
[07:00:22] [REI-ReloadPlugins/INFO]: [REI]  - (0.00) FTBQuestsREIIntegration of FTBQuestsREIIntegration [ftbquests]
[07:00:22] [REI-ReloadPlugins/INFO]: [REI]  - (0.00) REIIntegration of REIIntegration [ftblibrary]
[07:00:22] [REI-ReloadPlugins/INFO]: [REI]  - (0.00) REIPlugin of REIPlugin [farmersrespite]
[07:00:22] [REI-ReloadPlugins/INFO]: [REI]  - (0.00) FarmersDelightModREI of FarmersDelightModREI [farmersdelight]
[07:00:22] [REI-ReloadPlugins/INFO]: [REI]  - (0.00) ExpandedDelightREI of ExpandedDelightREI [expandeddelight]
[07:00:22] [REI-ReloadPlugins/INFO]: [REI]  - (0.00) DBClientPlugin of DBClientPlugin [decorative_blocks]
[07:00:22] [REI-ReloadPlugins/INFO]: [REI]  - (0.00) DBServerPlugin of DBServerPlugin [decorative_blocks]
[07:00:22] [REI-ReloadPlugins/INFO]: [REI]  - (0.00) CharmReiClientPlugin of CharmReiClientPlugin [charm]
[07:00:22] [REI-ReloadPlugins/INFO]: [REI]  - (0.00) REIPlugin of REIPlugin [betterend]
[07:00:22] [REI-ReloadPlugins/INFO]: [REI]  - (0.00) APPlugin of APPlugin [architects_palette]
[07:00:22] [REI-ReloadPlugins/INFO]: [REI]  - (0.00) REITooltipPlugin of REITooltipPlugin [appleskin]
[07:00:22] [REI-ReloadPlugins/INFO]: [REI]  - (0.00) TwilightForestREIServerPlugin of TwilightForestREIServerPlugin [twilightforest]
[07:00:22] [REI-ReloadPlugins/INFO]: [REI]  - (0.00) DefaultRuntimePlugin of DefaultRuntimePlugin [roughlyenoughitems]
[07:00:22] [REI-ReloadPlugins/INFO]: [REI]  - (0.00) ReltServer of ReltServer [roughly_enough_loot_tables]
[07:00:22] [REI-ReloadPlugins/INFO]: [REI] @@@@@@@@@@@@@@@@@@@@@@@@@@@@@@@@@@@@@@@@
[07:00:22] [Render thread/WARN]: Unknown recipe category: dimdoors:tesselating/dimdoors:fabric_of_reality
[07:00:22] [Render thread/WARN]: Unknown recipe category: oxidized:kiln_smelting/oxidized:stone_kiln_smelting
[07:00:22] [Render thread/WARN]: Unknown recipe category: oxidized:kiln_smelting/oxidized:lime_glazed_terracotta_smelting
[07:00:22] [Render thread/WARN]: Unknown recipe category: expandeddelight:juicing/expandeddelight:expandeddelight/juicing/glow_berry_juice
[07:00:22] [REI-ReloadPlugins/INFO]: [REI] ****************************************
[07:00:22] [Render thread/WARN]: Unknown recipe category: oxidized:kiln_smelting/oxidized:cracked_stone_bricks_smelting
[07:00:22] [REI-ReloadPlugins/INFO]: [REI] REIClientPlugin starting main-reload for START.
[07:00:22] [REI-ReloadPlugins/INFO]: [REI] Plugins (27):
[07:00:22] [REI-ReloadPlugins/INFO]: [REI]  - (-100.00) DefaultClientPlugin of DefaultClientPlugin [roughlyenoughitems]
[07:00:22] [REI-ReloadPlugins/INFO]: [REI]  - (0.00) VineryReiClientPlugin of VineryReiClientPlugin [vinery]
[07:00:22] [REI-ReloadPlugins/INFO]: [REI]  - (0.00) TwilightForestREIClientPlugin of TwilightForestREIClientPlugin [twilightforest]
[07:00:22] [REI-ReloadPlugins/INFO]: [REI]  - (0.00) REIPlugin of REIPlugin [toms_storage]
[07:00:22] [REI-ReloadPlugins/INFO]: [REI]  - (0.00) REICompat of REICompat [the_bumblezone]
[07:00:22] [REI-ReloadPlugins/INFO]: [REI]  - (0.00) REICompat of REICompat [supplementaries]
[07:00:22] [REI-ReloadPlugins/INFO]: [REI]  - (0.00) SpiritPlugin of SpiritPlugin [spirit]
[07:00:22] [REI-ReloadPlugins/INFO]: [REI]  - (0.00) PluginEntry of PluginEntry [roughlyenoughresources]
[07:00:22] [Render thread/WARN]: Unknown recipe category: oxidized:kiln_smelting/oxidized:pink_glazed_terracotta_smelting
[07:00:22] [REI-ReloadPlugins/INFO]: [REI]  - (0.00) REPClientPlugin of REPClientPlugin [roughlyenoughprofessions]
[07:00:22] [REI-ReloadPlugins/INFO]: [REI]  - (0.00) HideIngredientsFromTagsPlugin of HideIngredientsFromTagsPlugin [roughlyenoughitems]
[07:00:22] [Render thread/WARN]: Unknown recipe category: expandeddelight:juicing/expandeddelight:expandeddelight/juicing/apple_juice
[07:00:22] [REI-ReloadPlugins/INFO]: [REI]  - (0.00) DefaultClientRuntimePlugin of DefaultClientRuntimePlugin [roughlyenoughitems]
[07:00:22] [REI-ReloadPlugins/INFO]: [REI]  - (0.00) ClientPlugin of ClientPlugin [roughly_enough_trades]
[07:00:22] [REI-ReloadPlugins/INFO]: [REI]  - (0.00) ReltClient of ReltClient [roughly_enough_loot_tables]
[07:00:22] [REI-ReloadPlugins/INFO]: [REI]  - (0.00) OxidizedREIPlugin of OxidizedREIPlugin [oxidized]
[07:00:22] [REI-ReloadPlugins/INFO]: [REI]  - (0.00) OwoReiPlugin of OwoReiPlugin [owo]
[07:00:22] [REI-ReloadPlugins/INFO]: [REI]  - (0.00) REIPlugin of REIPlugin [nethersdelight]
[07:00:22] [REI-ReloadPlugins/INFO]: [REI]  - (0.00) MeadowReiClientPlugin of MeadowReiClientPlugin [meadow]
[07:00:22] [REI-ReloadPlugins/INFO]: [REI]  - (0.00) FTBQuestsREIIntegration of FTBQuestsREIIntegration [ftbquests]
[07:00:22] [REI-ReloadPlugins/INFO]: [REI]  - (0.00) REIIntegration of REIIntegration [ftblibrary]
[07:00:22] [REI-ReloadPlugins/INFO]: [REI]  - (0.00) REIPlugin of REIPlugin [farmersrespite]
[07:00:22] [REI-ReloadPlugins/INFO]: [REI]  - (0.00) FarmersDelightModREI of FarmersDelightModREI [farmersdelight]
[07:00:22] [REI-ReloadPlugins/INFO]: [REI]  - (0.00) ExpandedDelightREI of ExpandedDelightREI [expandeddelight]
[07:00:22] [REI-ReloadPlugins/INFO]: [REI]  - (0.00) DBClientPlugin of DBClientPlugin [decorative_blocks]
[07:00:22] [REI-ReloadPlugins/INFO]: [REI]  - (0.00) CharmReiClientPlugin of CharmReiClientPlugin [charm]
[07:00:22] [REI-ReloadPlugins/INFO]: [REI]  - (0.00) REIPlugin of REIPlugin [betterend]
[07:00:22] [REI-ReloadPlugins/INFO]: [REI]  - (0.00) APPlugin of APPlugin [architects_palette]
[07:00:22] [REI-ReloadPlugins/INFO]: [REI]  - (0.00) REITooltipPlugin of REITooltipPlugin [appleskin]
[07:00:22] [REI-ReloadPlugins/INFO]: [REI] ****************************************
[07:00:22] [Render thread/WARN]: Unknown recipe category: dimdoors:tesselating/dimdoors:stable_fabric
[07:00:22] [Render thread/WARN]: Unknown recipe category: oxidized:kiln_smelting/oxidized:cracked_nether_bricks_smelting
[07:00:22] [Render thread/WARN]: Unknown recipe category: oxidized:kiln_smelting/oxidized:gray_glazed_terracotta_smelting
[07:00:22] [Render thread/WARN]: Unknown recipe category: oxidized:kiln_smelting/oxidized:smooth_stone_kiln_smelting
[07:00:22] [Render thread/WARN]: Unknown recipe category: dimdoors:tesselating/dimdoors:reality_sponge
[07:00:22] [Render thread/WARN]: Unknown recipe category: oxidized:kiln_smelting/oxidized:white_glazed_terracotta_smelting
[07:00:22] [Render thread/WARN]: Unknown recipe category: oxidized:kiln_smelting/oxidized:magenta_glazed_terracotta_smelting
[07:00:22] [Render thread/WARN]: Unknown recipe category: oxidized:kiln_smelting/oxidized:smooth_quartz_smelting
[07:00:22] [Render thread/WARN]: Unknown recipe category: oxidized:kiln_smelting/oxidized:cracked_deepslate_tiles_smelting
[07:00:22] [Render thread/WARN]: Unknown recipe category: oxidized:kiln_smelting/oxidized:cracked_deepslate_bricks_smelting
[07:00:22] [Render thread/WARN]: Unknown recipe category: oxidized:kiln_smelting/oxidized:light_gray_glazed_terracotta_smelting
[07:00:22] [Netty Client IO #15/INFO]: Read 27533 bytes, 358 objects
[07:00:22] [Render thread/WARN]: Unknown recipe category: expandeddelight:juicing/expandeddelight:expandeddelight/juicing/melon_juice
[07:00:22] [Render thread/WARN]: Unknown recipe category: oxidized:kiln_smelting/oxidized:smooth_red_sandstone_smelting
[07:00:22] [Render thread/WARN]: Unknown recipe category: expandeddelight:juicing/expandeddelight:expandeddelight/juicing/sweet_berry_juice
[07:00:22] [Render thread/WARN]: Unknown recipe category: dimdoors:tesselating/dimdoors:liminal_lint
[07:00:22] [Render thread/WARN]: Unknown recipe category: oxidized:kiln_smelting/oxidized:terracotta_kiln_smelting
[07:00:22] [Render thread/WARN]: Unknown recipe category: dimdoors:tesselating/dimdoors:fuzzy_fireball
[07:00:22] [Render thread/WARN]: Unknown recipe category: oxidized:kiln_smelting/oxidized:charcoal_kiln_smelting
[07:00:22] [Render thread/WARN]: Unknown recipe category: oxidized:kiln_smelting/oxidized:orange_glazed_terracotta_smelting
[07:00:22] [Render thread/WARN]: Unknown recipe category: oxidized:kiln_smelting/oxidized:blue_glazed_terracotta_smelting
[07:00:22] [Render thread/WARN]: Unknown recipe category: oxidized:kiln_smelting/oxidized:glass_kiln_smelting
[07:00:22] [Render thread/WARN]: Unknown recipe category: dimdoors:tesselating/dimdoors:fabric_of_finality
[07:00:22] [Render thread/WARN]: Unknown recipe category: dimdoors:tesselating/dimdoors:world_thread_helmet
[07:00:22] [Render thread/WARN]: Unknown recipe category: oxidized:kiln_smelting/oxidized:purple_glazed_terracotta_smelting
[07:00:22] [Render thread/WARN]: Unknown recipe category: dimdoors:tesselating/dimdoors:world_thread_chestplate
[07:00:22] [Render thread/WARN]: Unknown recipe category: oxidized:kiln_smelting/oxidized:smooth_sandstone_smelting
[07:00:22] [Render thread/WARN]: Unknown recipe category: oxidized:kiln_smelting/oxidized:red_glazed_terracotta_smelting
[07:00:22] [Render thread/WARN]: Unknown recipe category: oxidized:kiln_smelting/oxidized:smooth_basalt_smelting
[07:00:22] [Render thread/WARN]: Unknown recipe category: oxidized:kiln_smelting/oxidized:brown_glazed_terracotta_smelting
[07:00:22] [Render thread/WARN]: Unknown recipe category: oxidized:kiln_smelting/oxidized:green_glazed_terracotta_smelting
[07:00:22] [Render thread/WARN]: Unknown recipe category: dimdoors:tesselating/dimdoors:rift_pearl
[07:00:22] [Render thread/WARN]: Unknown recipe category: oxidized:kiln_smelting/oxidized:brick_kiln_smelting
[07:00:22] [Render thread/WARN]: Unknown recipe category: dimdoors:tesselating/dimdoors:world_thread_boots
[07:00:22] [Render thread/WARN]: Unknown recipe category: oxidized:kiln_smelting/oxidized:nether_brick_smelting
[07:00:22] [Render thread/WARN]: Unknown recipe category: oxidized:kiln_smelting/oxidized:black_glazed_terracotta_smelting
[07:00:22] [Render thread/WARN]: Unknown recipe category: oxidized:kiln_smelting/oxidized:yellow_glazed_terracotta_smelting
[07:00:22] [Render thread/WARN]: Unknown recipe category: dimdoors:tesselating/dimdoors:garment_of_reality
[07:00:22] [Render thread/WARN]: Unknown recipe category: oxidized:kiln_smelting/oxidized:light_blue_glazed_terracotta_smelting
[07:00:22] [Render thread/WARN]: Unknown recipe category: dimdoors:tesselating/dimdoors:world_thread_leggings
[07:00:22] [Render thread/WARN]: Unknown recipe category: oxidized:kiln_smelting/oxidized:cyan_glazed_terracotta_smelting
[07:00:22] [Render thread/WARN]: Unknown recipe category: oxidized:kiln_smelting/oxidized:deepslate_smelting
[07:00:22] [Render thread/WARN]: Unknown recipe category: dimdoors:tesselating/dimdoors:enduring_fibers
[07:00:22] [Render thread/WARN]: Unknown recipe category: oxidized:kiln_smelting/oxidized:cracked_polished_blackstone_bricks_smelting
[07:00:23] [Netty Client IO #15/INFO]: Received dedicated server config.
[07:00:24] [REI-ReloadPlugins/INFO]: [REI] OOOOOOOOOOOOOOOOOOOOOOOOOOOOOOOOOOOOOOOO
[07:00:24] [REI-ReloadPlugins/INFO]: [REI] REIServerPlugin starting main-reload for START.
[07:00:24] [REI-ReloadPlugins/INFO]: [REI] Plugins (6):
[07:00:24] [REI-ReloadPlugins/INFO]: [REI]  - (-100.00) DefaultPlugin of DefaultPlugin [roughlyenoughitems]
[07:00:24] [REI-ReloadPlugins/INFO]: [REI]  - (0.00) FabricFluidAPISupportPlugin
[07:00:24] [REI-ReloadPlugins/INFO]: [REI]  - (0.00) DBServerPlugin of DBServerPlugin [decorative_blocks]
[07:00:24] [REI-ReloadPlugins/INFO]: [REI]  - (0.00) TwilightForestREIServerPlugin of TwilightForestREIServerPlugin [twilightforest]
[07:00:24] [REI-ReloadPlugins/INFO]: [REI]  - (0.00) DefaultRuntimePlugin of DefaultRuntimePlugin [roughlyenoughitems]
[07:00:24] [REI-ReloadPlugins/INFO]: [REI]  - (0.00) ReltServer of ReltServer [roughly_enough_loot_tables]
[07:00:24] [REI-ReloadPlugins/INFO]: [REI] OOOOOOOOOOOOOOOOOOOOOOOOOOOOOOOOOOOOOOOO
[07:00:24] [REI-ReloadPlugins/INFO]: [REI] REIPlugin finished post-reload for START in 1.364 ms, totaling 20.69 ms.
[07:00:24] [REI-ReloadPlugins/INFO]: [REI] REIClientPlugin finished post-reload for START in 954.5 ?s, totaling 1.998 s.
[07:00:24] [REI-ReloadPlugins/INFO]: [REI] REIServerPlugin finished post-reload for START in 194.5 ?s, totaling 2.592 ms.
[07:00:24] [REI-ReloadPlugins/INFO]: [REI] ****************************************
[07:00:24] [REI-ReloadPlugins/INFO]: [REI] REIPlugin starting main-reload for END.
[07:00:24] [REI-ReloadPlugins/INFO]: [REI] Plugins (33):
[07:00:24] [REI-ReloadPlugins/INFO]: [REI]  - (-100.00) DefaultClientPlugin of DefaultClientPlugin [roughlyenoughitems]
[07:00:24] [REI-ReloadPlugins/INFO]: [REI]  - (-100.00) DefaultPlugin of DefaultPlugin [roughlyenoughitems]
[07:00:24] [REI-ReloadPlugins/INFO]: [REI]  - (0.00) FabricFluidAPISupportPlugin
[07:00:24] [REI-ReloadPlugins/INFO]: [REI]  - (0.00) VineryReiClientPlugin of VineryReiClientPlugin [vinery]
[07:00:24] [REI-ReloadPlugins/INFO]: [REI]  - (0.00) TwilightForestREIClientPlugin of TwilightForestREIClientPlugin [twilightforest]
[07:00:24] [REI-ReloadPlugins/INFO]: [REI]  - (0.00) REIPlugin of REIPlugin [toms_storage]
[07:00:24] [REI-ReloadPlugins/INFO]: [REI]  - (0.00) REICompat of REICompat [the_bumblezone]
[07:00:24] [REI-ReloadPlugins/INFO]: [REI]  - (0.00) REICompat of REICompat [supplementaries]
[07:00:24] [REI-ReloadPlugins/INFO]: [REI]  - (0.00) SpiritPlugin of SpiritPlugin [spirit]
[07:00:24] [REI-ReloadPlugins/INFO]: [REI]  - (0.00) PluginEntry of PluginEntry [roughlyenoughresources]
[07:00:24] [REI-ReloadPlugins/INFO]: [REI]  - (0.00) REPClientPlugin of REPClientPlugin [roughlyenoughprofessions]
[07:00:24] [REI-ReloadPlugins/INFO]: [REI]  - (0.00) HideIngredientsFromTagsPlugin of HideIngredientsFromTagsPlugin [roughlyenoughitems]
[07:00:24] [REI-ReloadPlugins/INFO]: [REI]  - (0.00) DefaultClientRuntimePlugin of DefaultClientRuntimePlugin [roughlyenoughitems]
[07:00:24] [REI-ReloadPlugins/INFO]: [REI]  - (0.00) ClientPlugin of ClientPlugin [roughly_enough_trades]
[07:00:24] [REI-ReloadPlugins/INFO]: [REI]  - (0.00) ReltClient of ReltClient [roughly_enough_loot_tables]
[07:00:24] [REI-ReloadPlugins/INFO]: [REI]  - (0.00) OxidizedREIPlugin of OxidizedREIPlugin [oxidized]
[07:00:24] [REI-ReloadPlugins/INFO]: [REI]  - (0.00) OwoReiPlugin of OwoReiPlugin [owo]
[07:00:24] [REI-ReloadPlugins/INFO]: [REI]  - (0.00) REIPlugin of REIPlugin [nethersdelight]
[07:00:24] [REI-ReloadPlugins/INFO]: [REI]  - (0.00) MeadowReiClientPlugin of MeadowReiClientPlugin [meadow]
[07:00:24] [REI-ReloadPlugins/INFO]: [REI]  - (0.00) FTBQuestsREIIntegration of FTBQuestsREIIntegration [ftbquests]
[07:00:24] [REI-ReloadPlugins/INFO]: [REI]  - (0.00) REIIntegration of REIIntegration [ftblibrary]
[07:00:24] [REI-ReloadPlugins/INFO]: [REI]  - (0.00) REIPlugin of REIPlugin [farmersrespite]
[07:00:24] [REI-ReloadPlugins/INFO]: [REI]  - (0.00) FarmersDelightModREI of FarmersDelightModREI [farmersdelight]
[07:00:24] [REI-ReloadPlugins/INFO]: [REI]  - (0.00) ExpandedDelightREI of ExpandedDelightREI [expandeddelight]
[07:00:24] [REI-ReloadPlugins/INFO]: [REI]  - (0.00) DBClientPlugin of DBClientPlugin [decorative_blocks]
[07:00:24] [REI-ReloadPlugins/INFO]: [REI]  - (0.00) DBServerPlugin of DBServerPlugin [decorative_blocks]
[07:00:24] [REI-ReloadPlugins/INFO]: [REI]  - (0.00) CharmReiClientPlugin of CharmReiClientPlugin [charm]
[07:00:24] [REI-ReloadPlugins/INFO]: [REI]  - (0.00) REIPlugin of REIPlugin [betterend]
[07:00:24] [REI-ReloadPlugins/INFO]: [REI]  - (0.00) APPlugin of APPlugin [architects_palette]
[07:00:24] [REI-ReloadPlugins/INFO]: [REI]  - (0.00) REITooltipPlugin of REITooltipPlugin [appleskin]
[07:00:24] [Render thread/WARN]: Not all defined tags for registry ResourceKey[minecraft:root / minecraft:enchantment] are present in data pack: the_bumblezone:crystalline_flower/disallowed_enchantments, the_bumblezone:crystalline_flower/forced_allowed_enchantments, the_bumblezone:dimension_teleportation/any_item_right_clicked_beehive_with_enchant, the_bumblezone:dimension_teleportation/any_item_right_clicked_beehive_with_enchant_crouching
[07:00:24] [REI-ReloadPlugins/INFO]: [REI]  - (0.00) TwilightForestREIServerPlugin of TwilightForestREIServerPlugin [twilightforest]
[07:00:24] [REI-ReloadPlugins/INFO]: [REI]  - (0.00) DefaultRuntimePlugin of DefaultRuntimePlugin [roughlyenoughitems]
[07:00:24] [REI-ReloadPlugins/INFO]: [REI]  - (0.00) ReltServer of ReltServer [roughly_enough_loot_tables]
[07:00:24] [REI-ReloadPlugins/INFO]: [REI] ****************************************
[07:00:24] [REI-ReloadPlugins/INFO]: [REI] @@@@@@@@@@@@@@@@@@@@@@@@@@@@@@@@@@@@@@@@
[07:00:24] [REI-ReloadPlugins/INFO]: [REI] REIClientPlugin starting main-reload for END.
[07:00:24] [REI-ReloadPlugins/INFO]: [REI] Plugins (27):
[07:00:24] [REI-ReloadPlugins/INFO]: [REI]  - (-100.00) DefaultClientPlugin of DefaultClientPlugin [roughlyenoughitems]
[07:00:24] [REI-ReloadPlugins/INFO]: [REI]  - (0.00) VineryReiClientPlugin of VineryReiClientPlugin [vinery]
[07:00:24] [REI-ReloadPlugins/INFO]: [REI]  - (0.00) TwilightForestREIClientPlugin of TwilightForestREIClientPlugin [twilightforest]
[07:00:24] [REI-ReloadPlugins/INFO]: [REI]  - (0.00) REIPlugin of REIPlugin [toms_storage]
[07:00:24] [REI-ReloadPlugins/INFO]: [REI]  - (0.00) REICompat of REICompat [the_bumblezone]
[07:00:24] [REI-ReloadPlugins/INFO]: [REI]  - (0.00) REICompat of REICompat [supplementaries]
[07:00:24] [REI-ReloadPlugins/INFO]: [REI]  - (0.00) SpiritPlugin of SpiritPlugin [spirit]
[07:00:24] [REI-ReloadPlugins/INFO]: [REI]  - (0.00) PluginEntry of PluginEntry [roughlyenoughresources]
[07:00:24] [REI-ReloadPlugins/INFO]: [REI]  - (0.00) REPClientPlugin of REPClientPlugin [roughlyenoughprofessions]
[07:00:24] [REI-ReloadPlugins/INFO]: [REI]  - (0.00) HideIngredientsFromTagsPlugin of HideIngredientsFromTagsPlugin [roughlyenoughitems]
[07:00:24] [REI-ReloadPlugins/INFO]: [REI]  - (0.00) DefaultClientRuntimePlugin of DefaultClientRuntimePlugin [roughlyenoughitems]
[07:00:24] [REI-ReloadPlugins/INFO]: [REI]  - (0.00) ClientPlugin of ClientPlugin [roughly_enough_trades]
[07:00:24] [REI-ReloadPlugins/INFO]: [REI]  - (0.00) ReltClient of ReltClient [roughly_enough_loot_tables]
[07:00:24] [REI-ReloadPlugins/INFO]: [REI]  - (0.00) OxidizedREIPlugin of OxidizedREIPlugin [oxidized]
[07:00:24] [REI-ReloadPlugins/INFO]: [REI]  - (0.00) OwoReiPlugin of OwoReiPlugin [owo]
[07:00:24] [REI-ReloadPlugins/INFO]: [REI]  - (0.00) REIPlugin of REIPlugin [nethersdelight]
[07:00:24] [REI-ReloadPlugins/INFO]: [REI]  - (0.00) MeadowReiClientPlugin of MeadowReiClientPlugin [meadow]
[07:00:24] [REI-ReloadPlugins/INFO]: [REI]  - (0.00) FTBQuestsREIIntegration of FTBQuestsREIIntegration [ftbquests]
[07:00:24] [REI-ReloadPlugins/INFO]: [REI]  - (0.00) REIIntegration of REIIntegration [ftblibrary]
[07:00:24] [REI-ReloadPlugins/INFO]: [REI]  - (0.00) REIPlugin of REIPlugin [farmersrespite]
[07:00:24] [REI-ReloadPlugins/INFO]: [REI]  - (0.00) FarmersDelightModREI of FarmersDelightModREI [farmersdelight]
[07:00:24] [REI-ReloadPlugins/INFO]: [REI]  - (0.00) ExpandedDelightREI of ExpandedDelightREI [expandeddelight]
[07:00:24] [REI-ReloadPlugins/INFO]: [REI]  - (0.00) DBClientPlugin of DBClientPlugin [decorative_blocks]
[07:00:24] [REI-ReloadPlugins/INFO]: [REI]  - (0.00) CharmReiClientPlugin of CharmReiClientPlugin [charm]
[07:00:24] [REI-ReloadPlugins/INFO]: [REI]  - (0.00) REIPlugin of REIPlugin [betterend]
[07:00:24] [REI-ReloadPlugins/INFO]: [REI]  - (0.00) APPlugin of APPlugin [architects_palette]
[07:00:24] [REI-ReloadPlugins/INFO]: [REI]  - (0.00) REITooltipPlugin of REITooltipPlugin [appleskin]
[07:00:24] [REI-ReloadPlugins/INFO]: [REI] @@@@@@@@@@@@@@@@@@@@@@@@@@@@@@@@@@@@@@@@
[07:00:24] [Render thread/WARN]: Not all defined tags for registry ResourceKey[minecraft:root / minecraft:item] are present in data pack: anvil_fix:force_incremental_repair_cost, c:buckets/honey, c:buckets/royal_jelly, c:honeycombs, c:pollen, c:wax, enchantment:retains_durability, the_bumblezone:bee_aggression_in_dimension/wrath_activating_items_when_picked_up, the_bumblezone:bee_armors/bz_armor_ability_enhancing_gear, the_bumblezone:bee_feedable_items, the_bumblezone:bee_queen/disallowed_random_bonus_trade_items, the_bumblezone:bee_queen/forced_allow_random_bonus_trade_items, the_bumblezone:bee_queen_randomize_trades/concrete_powder_trades, the_bumblezone:bee_queen_randomize_trades/concrete_trades, the_bumblezone:bee_queen_randomize_trades/dyes_trades, the_bumblezone:bee_queen_randomize_trades/glazed_terracotta_trades, the_bumblezone:bee_queen_randomize_trades/shulker_boxes_trades, the_bumblezone:bee_queen_randomize_trades/stained_glass_pane_trades, the_bumblezone:bee_queen_randomize_trades/stained_glass_trades, the_bumblezone:buckets/honey, the_bumblezone:buckets/royal_jelly, the_bumblezone:candle_lightables/consumable, the_bumblezone:candle_lightables/damageable, the_bumblezone:candle_lightables/infinite, the_bumblezone:candles, the_bumblezone:carvable_wax, the_bumblezone:crystalline_flower/can_be_enchanted, the_bumblezone:crystalline_flower/cannot_consume, the_bumblezone:crystalline_flower/xp_1000_when_consumed, the_bumblezone:crystalline_flower/xp_100_when_consumed, the_bumblezone:crystalline_flower/xp_25_when_consumed, the_bumblezone:crystalline_flower/xp_2_when_consumed, the_bumblezone:crystalline_flower/xp_5_when_consumed, the_bumblezone:crystalline_flower/xp_maxed_when_consumed, the_bumblezone:dimension_teleportation/do_item_right_click_check_earlier, the_bumblezone:dimension_teleportation/item_right_clicked_beehive, the_bumblezone:dimension_teleportation/item_right_clicked_beehive_crouching, the_bumblezone:dimension_teleportation/item_special_dedicated_compat, the_bumblezone:dimension_teleportation/target_armor_hit_by_teleport_projectile, the_bumblezone:dimension_teleportation/target_with_held_item_hit_by_teleport_projectile, the_bumblezone:dyes/black, the_bumblezone:dyes/blue, the_bumblezone:dyes/brown, the_bumblezone:dyes/cyan, the_bumblezone:dyes/gray, the_bumblezone:dyes/green, the_bumblezone:dyes/light_blue, the_bumblezone:dyes/light_gray, the_bumblezone:dyes/lime, the_bumblezone:dyes/magenta, the_bumblezone:dyes/orange, the_bumblezone:dyes/pink, the_bumblezone:dyes/purple, the_bumblezone:dyes/red, the_bumblezone:dyes/white, the_bumblezone:dyes/yellow, the_bumblezone:mob_luring/beehemoth, the_bumblezone:mob_luring/beehemoth_fast_luring, the_bumblezone:mob_luring/honey_slime, the_bumblezone:queens_desire/honey_drunk_trigger_items, the_bumblezone:repair_items/bee_armor, the_bumblezone:repair_items/bee_cannon, the_bumblezone:repair_items/crystal_cannon, the_bumblezone:repair_items/honey_crystal_shield, the_bumblezone:repair_items/stinger_spear, the_bumblezone:stingers, the_bumblezone:string_curtains, the_bumblezone:string_curtains/curtain_extending, the_bumblezone:structures/dance_floor_music_discs, the_bumblezone:structures/disallowed_flowers_in_cocoon_loot, the_bumblezone:super_candles, the_bumblezone:turn_slime_to_honey_slime, yigd:force_item_slot, yigd:random_delete_blacklist, yigd:soulbound_blacklist, yigd:soulbound_item
[07:00:24] [Render thread/WARN]: Not all defined tags for registry ResourceKey[minecraft:root / minecraft:block] are present in data pack: botania:gaia_break_blacklist, c:pollen, c:storage_blocks/wax, ftbchunks:edit_whitelist, ftbchunks:interact_whitelist, inventorytabs:mod_compat_blacklist, minecells:conjunctivius_unbreakable, the_bumblezone:allowed_resourceful_bees_combs, the_bumblezone:bee_aggression_in_dimension/wrath_activating_blocks_when_mined, the_bumblezone:candle_bases, the_bumblezone:candle_wicks, the_bumblezone:candles, the_bumblezone:carpenter_bee_boots/climbables, the_bumblezone:carpenter_bee_boots/mineables, the_bumblezone:crystalline_flower/can_be_placed_on, the_bumblezone:dimension_teleportation/disallowed_teleportable_beehive_blocks, the_bumblezone:dimension_teleportation/forced_allowed_teleportable_blocks, the_bumblezone:dimension_teleportation/required_blocks_under_beehive_to_teleport, the_bumblezone:hanging_garden/allowed_flowers, the_bumblezone:hanging_garden/allowed_leaves, the_bumblezone:hanging_garden/allowed_logs, the_bumblezone:hanging_garden/allowed_tall_flowers, the_bumblezone:hanging_garden/forced_disallowed_flowers, the_bumblezone:hanging_garden/forced_disallowed_leaves, the_bumblezone:hanging_garden/forced_disallowed_logs, the_bumblezone:hanging_garden/forced_disallowed_tall_flowers, the_bumblezone:honey_compass/beehives_disallowed_from_position_tracking, the_bumblezone:honey_compass/forced_allowed_position_tracking, the_bumblezone:pollen_puff/multiplying_allowed_flowers, the_bumblezone:pollen_puff/multiplying_forced_disallowed_flowers, the_bumblezone:string_curtains, the_bumblezone:sugar_water/forced_disallow_waterlogging_blocks_when_placed_in_fluid, the_bumblezone:sugar_water/waterloggable_blocks_when_placed_in_fluid, the_bumblezone:super_candle_bases, the_bumblezone:worldgen_checks/cave_edge_blocks_for_modded_compats, the_bumblezone:worldgen_checks/honeycombs_that_features_can_carve, yigd:replace_blacklist, yigd:soft_whitelist, yigd:support_replace_whitelist
[07:00:24] [Render thread/WARN]: Not all defined tags for registry ResourceKey[minecraft:root / minecraft:fluid] are present in data pack: c:honey, c:visual/honey, c:visual/water, create:diving_fluids, the_bumblezone:convertible_to_sugar_water, the_bumblezone:honey, the_bumblezone:royal_jelly, the_bumblezone:special_honey_like, the_bumblezone:sugar_water
[07:00:24] [Render thread/WARN]: Not all defined tags for registry ResourceKey[minecraft:root / minecraft:entity_type] are present in data pack: c:pollen, c:slimes, the_bumblezone:bee_aggression_in_dimension/always_angry_at, the_bumblezone:bee_aggression_in_dimension/forced_calm_at, the_bumblezone:bee_cannon/disallowed_bee_pickup, the_bumblezone:bee_like, the_bumblezone:dimension_teleportation/item_special_dedicated_compat, the_bumblezone:dimension_teleportation/target_entity_hit_by_teleport_projectile_anywhere, the_bumblezone:dimension_teleportation/target_entity_hit_by_teleport_projectile_high, the_bumblezone:dimension_teleportation/target_entity_hit_by_teleport_projectile_low, the_bumblezone:dimension_teleportation/teleport_projectiles, the_bumblezone:hanging_garden/initial_spawn_entities, the_bumblezone:pollen_puff/can_pollinate, the_bumblezone:stingless_bee_helmet/disallowed_passengers, the_bumblezone:stingless_bee_helmet/forced_allowed_passengers, the_bumblezone:string_curtains/blocks_pathfinding_for_non_bee_mob, the_bumblezone:string_curtains/force_allow_pathfinding, the_bumblezone:structure_spawner_mobs/battle_cubes_rare_spawner_type, the_bumblezone:structure_spawner_mobs/cell_maze_rare_spawner_type, the_bumblezone:structure_spawner_mobs/pollinated_stream_rare_spawner_type, the_bumblezone:structure_spawner_mobs/spider_infested_bee_dungeon_rare_spawner_type
[07:00:24] [Render thread/WARN]: Not all defined tags for registry ResourceKey[minecraft:root / minecraft:point_of_interest_type] are present in data pack: the_bumblezone:is_near_beehive_advancement_trigger
[07:00:24] [Render thread/WARN]: Not all defined tags for registry ResourceKey[minecraft:root / minecraft:mob_effect] are present in data pack: the_bumblezone:incense_candle/disallowed_effects
[07:00:26] [REI-ReloadPlugins/INFO]: [REI] ++++++++++++++++++++++++++++++++++++++++
[07:00:26] [REI-ReloadPlugins/INFO]: [REI] REIServerPlugin starting main-reload for END.
[07:00:26] [REI-ReloadPlugins/INFO]: [REI] Plugins (6):
[07:00:26] [REI-ReloadPlugins/INFO]: [REI]  - (-100.00) DefaultPlugin of DefaultPlugin [roughlyenoughitems]
[07:00:26] [REI-ReloadPlugins/INFO]: [REI]  - (0.00) FabricFluidAPISupportPlugin
[07:00:26] [REI-ReloadPlugins/INFO]: [REI]  - (0.00) DBServerPlugin of DBServerPlugin [decorative_blocks]
[07:00:26] [REI-ReloadPlugins/INFO]: [REI]  - (0.00) TwilightForestREIServerPlugin of TwilightForestREIServerPlugin [twilightforest]
[07:00:26] [REI-ReloadPlugins/INFO]: [REI]  - (0.00) DefaultRuntimePlugin of DefaultRuntimePlugin [roughlyenoughitems]
[07:00:26] [REI-ReloadPlugins/INFO]: [REI]  - (0.00) ReltServer of ReltServer [roughly_enough_loot_tables]
[07:00:26] [REI-ReloadPlugins/INFO]: [REI] ++++++++++++++++++++++++++++++++++++++++
[07:00:26] [REI-ReloadPlugins/INFO]: [REI] REIPlugin finished post-reload for END in 849.5 ?s, totaling 18.49 ms.
[07:00:26] [REI-ReloadPlugins/INFO]: [REI] REIClientPlugin finished post-reload for END in 756.6 ?s, totaling 1.857 s.
[07:00:26] [REI-ReloadPlugins/INFO]: [REI] REIServerPlugin finished post-reload for END in 198.0 ?s, totaling 1.895 ms.
[07:00:35] [Render thread/INFO]: Minimap updated server level id: 731237094 for world ResourceKey[minecraft:dimension / minecraft:the_end]
[07:00:35] [Render thread/INFO]: Loaded 2610 advancements
[07:00:54] [Render thread/INFO]: Minimap session finalized.
[07:00:54] [Render thread/INFO]: Finalizing world map session...
[07:00:54] [Netty Client IO #15/INFO]: Unloading synced configs from server
[07:00:54] [Netty Client IO #15/INFO]: Disconnected from server, resetting proxy config values
[07:00:54] [Netty Client IO #15/INFO]: Left dedicated server, restoring config.
[07:00:54] [Thread-26/INFO]: World map force-cleaned!
[07:00:54] [Render thread/INFO]: World map session finalized.
[07:00:54] [Render thread/INFO]: Unloading server config for barteringstation
[07:00:54] [Render thread/INFO]: Unloading server config for bettertridents
[07:00:54] [Render thread/INFO]: Unloading server config for easyanvils
[07:00:54] [Render thread/INFO]: Unloading server config for easymagic
[07:00:54] [Render thread/INFO]: Unloading server config for leavesbegone
[07:00:54] [Render thread/INFO]: Unloading server config for magnumtorch
[07:00:54] [Render thread/INFO]: Unloading server config for pickupnotifier
[07:00:54] [Render thread/INFO]: Unloading server config for tradingpost
[07:00:54] [Render thread/INFO]: Stopping worker threads
[07:00:54] [Render thread/INFO]: emissive suffixes loaded: {_e}
[07:00:56] [Render thread/INFO]: This line is printed by an example mod mixin!
[07:00:56] [Render thread/INFO]: This makes sure Expanded Delight mixins are loaded
[07:00:56] [Render thread/INFO]: This line is printed by an example mod mixin!
[07:00:56] [Render thread/INFO]: This makes sure Expanded Delight mixins are loaded
[07:00:56] [Render thread/INFO]: This line is printed by an example mod mixin!
[07:00:56] [Render thread/INFO]: This makes sure Expanded Delight mixins are loaded
